<?xml version="1.0" encoding="UTF-8" ?>
<testsuite failures="0" time="3.43" errors="1" skipped="0" tests="4" name="com.wasu.upm.config.zk.ZkConfigationTest">
  <properties>
[...]
</properties>
  <testcase time="0.132" classname="com.wasu.upm.config.zk.ZkConfigationTest" name="createTopConfigationZode"/>
  <testcase time="1.094" classname="com.wasu.upm.config.zk.ZkConfigationTest" name="createTwoConfigationZode"/>
  <testcase time="1.108" classname="com.wasu.upm.config.zk.ZkConfigationTest" name="setPropToZookeeper">
    <error message="KeeperErrorCode = ConnectionLoss for /configuration" type="org.apache.zookeeper.KeeperException$ConnectionLossException">org.apache.zookeeper.KeeperException$ConnectionLossException: KeeperErrorCode = ConnectionLoss for /configuration
	at org.apache.zookeeper.KeeperException.create(KeeperException.java:99)
	at org.apache.zookeeper.KeeperException.create(KeeperException.java:51)
	at org.apache.zookeeper.ZooKeeper.exists(ZooKeeper.java:1045)
	at org.apache.zookeeper.ZooKeeper.exists(ZooKeeper.java:1073)
	at com.wasu.upm.config.zk.common.ZKUtils.createZnode(ZKUtils.java:52)
	at com.wasu.upm.config.zk.common.ZKUtils.createZnode(ZKUtils.java:59)
	at com.wasu.upm.config.zk.common.ZKUtils.createTopLevelZnode(ZKUtils.java:39)
	at com.wasu.upm.config.zk.common.ZKUtils.createTwoLevelZnodeByCustHierachy(ZKUtils.java:140)
	at com.wasu.upm.config.zk.common.ZKUtils.setPropToZookeeperByCustHierachy(ZKUtils.java:150)
	at com.wasu.upm.config.zk.common.ZKUtils.setPropToZookeeperByCustHierachy(ZKUtils.java:147)
	at com.wasu.upm.config.zk.ZkConfigationTest.setPropToZookeeper(ZkConfigationTest.java:59)
	at sun.reflect.NativeMethodAccessorImpl.invoke0(Native Method)
	at sun.reflect.NativeMethodAccessorImpl.invoke(NativeMethodAccessorImpl.java:57)
	at sun.reflect.DelegatingMethodAccessorImpl.invoke(DelegatingMethodAccessorImpl.java:43)
	at java.lang.reflect.Method.invoke(Method.java:606)
	at org.junit.runners.model.FrameworkMethod$1.runReflectiveCall(FrameworkMethod.java:44)
	at org.junit.internal.runners.model.ReflectiveCallable.run(ReflectiveCallable.java:15)
	at org.junit.runners.model.FrameworkMethod.invokeExplosively(FrameworkMethod.java:41)
	at org.junit.internal.runners.statements.InvokeMethod.evaluate(InvokeMethod.java:20)
	at org.junit.rules.TestWatchman$1.evaluate(TestWatchman.java:48)
	at org.junit.internal.runners.statements.RunBefores.evaluate(RunBefores.java:28)
	at org.junit.internal.runners.statements.RunAfters.evaluate(RunAfters.java:31)
	at org.junit.runners.BlockJUnit4ClassRunner.runChild(BlockJUnit4ClassRunner.java:76)
	at org.junit.runners.BlockJUnit4ClassRunner.runChild(BlockJUnit4ClassRunner.java:50)
	at org.junit.runners.ParentRunner$3.run(ParentRunner.java:193)
	at org.junit.runners.ParentRunner$1.schedule(ParentRunner.java:52)
	at org.junit.runners.ParentRunner.runChildren(ParentRunner.java:191)
	at org.junit.runners.ParentRunner.access$000(ParentRunner.java:42)
	at org.junit.runners.ParentRunner$2.evaluate(ParentRunner.java:184)
	at org.junit.internal.runners.statements.RunBefores.evaluate(RunBefores.java:28)
	at org.junit.runners.ParentRunner.run(ParentRunner.java:236)
	at org.apache.maven.surefire.junit4.JUnit4Provider.execute(JUnit4Provider.java:252)
	at org.apache.maven.surefire.junit4.JUnit4Provider.executeTestSet(JUnit4Provider.java:141)
	at org.apache.maven.surefire.junit4.JUnit4Provider.invoke(JUnit4Provider.java:112)
	at sun.reflect.NativeMethodAccessorImpl.invoke0(Native Method)
	at sun.reflect.NativeMethodAccessorImpl.invoke(NativeMethodAccessorImpl.java:57)
	at sun.reflect.DelegatingMethodAccessorImpl.invoke(DelegatingMethodAccessorImpl.java:43)
	at java.lang.reflect.Method.invoke(Method.java:606)
	at org.apache.maven.surefire.util.ReflectionUtils.invokeMethodWithArray(ReflectionUtils.java:189)
	at org.apache.maven.surefire.booter.ProviderFactory$ProviderProxy.invoke(ProviderFactory.java:165)
	at org.apache.maven.surefire.booter.ProviderFactory.invokeProvider(ProviderFactory.java:85)
	at org.apache.maven.surefire.booter.ForkedBooter.runSuitesInProcess(ForkedBooter.java:115)
	at org.apache.maven.surefire.booter.ForkedBooter.main(ForkedBooter.java:75)
</error>
    <system-out>2014-12-05 11:26:40,891  INFO [main-SendThread(127.0.0.1:2181)] (ClientCnxn.java:975) - Opening socket connection to server 127.0.0.1/127.0.0.1:2181. Will not attempt to authenticate using SASL (unknown error)
&quot;2014-12-05 11:26:40,891  WARN [main-SendThread(127.0.0.1:2181)] (ClientCnxn.java:1102) - Session 0x0 for server null, unexpected error, closing socket connection and attempting reconnect
&quot;java.net.ConnectException: 拒绝连接
	at sun.nio.ch.SocketChannelImpl.checkConnect(Native Method)
	at sun.nio.ch.SocketChannelImpl.finishConnect(SocketChannelImpl.java:739)
	at org.apache.zookeeper.ClientCnxnSocketNIO.doTransport(ClientCnxnSocketNIO.java:361)
	at org.apache.zookeeper.ClientCnxn$SendThread.run(ClientCnxn.java:1081)
setPropToZookeeper execute end
the Test Execution time(s):1.0969
</system-out>
  </testcase>
  <testcase time="1.096" classname="com.wasu.upm.config.zk.ZkConfigationTest" name="getPropValueInZookeeper"/>
</testsuite>